
--------------------begin------------------------

[2020/12/03 10:58:32.253959][i][980736856] 初始化: /hydratest/apiserver_recovery/api/test/conf
[2020/12/03 10:58:32.258637][i][980736856] 启动[api]服务...
[2020/12/03 10:58:32.759148][i][7e96b2993] 启动成功(api,http://192.168.4.121:50010,[2])
[2020/12/03 10:58:53.42458][i][1702da901] api.request: GET /api/panic from 192.168.4.121
[2020/12/03 10:58:53.71516][e][1702da901] -----[Recovery] panic recovered:
主动抛出异常
/home/yanglei/work/src/github.com/micro-plat/hydra/context/ctx.go:35 (0x96b579)
	Handler.Handle: return h(c)
/home/yanglei/work/src/github.com/micro-plat/hydra/hydra/servers/pkg/middleware/handler.go:64 (0xe00e72)
	ExecuteHandler.func1: result := h.Handle(ctx)
/home/yanglei/work/src/github.com/micro-plat/hydra/hydra/servers/pkg/middleware/middle.go:65 (0xe04499)
	Handler.GinFunc.func1: h(v.(IMiddleContext))
/home/yanglei/work/pkg/mod/github.com/gin-gonic/gin@v1.6.2/context.go:156 (0xd947ba)
	(*Context).Next: c.handlers[c.index](c)
/home/yanglei/work/src/github.com/micro-plat/hydra/hydra/servers/pkg/middleware/metric.go:66 (0xe04331)
	(*Metric).Handle.func1: ctx.Next()
/home/yanglei/work/src/github.com/micro-plat/hydra/hydra/servers/pkg/middleware/middle.go:65 (0xe04499)
	Handler.GinFunc.func1: h(v.(IMiddleContext))
/home/yanglei/work/pkg/mod/github.com/gin-gonic/gin@v1.6.2/context.go:156 (0xd947ba)
	(*Context).Next: c.handlers[c.index](c)
/home/yanglei/work/src/github.com/micro-plat/hydra/hydra/servers/pkg/middleware/auth.jwtWriter.go:15 (0xdff814)
	JwtWriter.func1: ctx.Next()
/home/yanglei/work/src/github.com/micro-plat/hydra/hydra/servers/pkg/middleware/middle.go:65 (0xe04499)
	Handler.GinFunc.func1: h(v.(IMiddleContext))
/home/yanglei/work/pkg/mod/github.com/gin-gonic/gin@v1.6.2/context.go:156 (0xd947ba)
	(*Context).Next: c.handlers[c.index](c)
/home/yanglei/work/src/github.com/micro-plat/hydra/hydra/servers/pkg/middleware/render.go:12 (0xe04f37)
	Render.func1: ctx.Next()
/home/yanglei/work/src/github.com/micro-plat/hydra/hydra/servers/pkg/middleware/middle.go:65 (0xe04499)
	Handler.GinFunc.func1: h(v.(IMiddleContext))
/home/yanglei/work/pkg/mod/github.com/gin-gonic/gin@v1.6.2/context.go:156 (0xd947ba)
	(*Context).Next: c.handlers[c.index](c)
/home/yanglei/work/src/github.com/micro-plat/hydra/hydra/servers/pkg/middleware/auth.jwtAuth.go:24 (0xdff6e4)
	JwtAuth.func1: ctx.Next()
/home/yanglei/work/src/github.com/micro-plat/hydra/hydra/servers/pkg/middleware/middle.go:65 (0xe04499)
	Handler.GinFunc.func1: h(v.(IMiddleContext))
/home/yanglei/work/pkg/mod/github.com/gin-gonic/gin@v1.6.2/context.go:156 (0xd947ba)
	(*Context).Next: c.handlers[c.index](c)
/home/yanglei/work/src/github.com/micro-plat/hydra/hydra/servers/pkg/middleware/auth.ras.go:23 (0xe00448)
	RASAuth.func1: ctx.Next()
/home/yanglei/work/src/github.com/micro-plat/hydra/hydra/servers/pkg/middleware/middle.go:65 (0xe04499)
	Handler.GinFunc.func1: h(v.(IMiddleContext))
/home/yanglei/work/pkg/mod/github.com/gin-gonic/gin@v1.6.2/context.go:156 (0xd947ba)
	(*Context).Next: c.handlers[c.index](c)
/home/yanglei/work/src/github.com/micro-plat/hydra/hydra/servers/pkg/middleware/auth.apikey.go:27 (0xdfea4b)
	APIKeyAuth.func1: ctx.Next()
/home/yanglei/work/src/github.com/micro-plat/hydra/hydra/servers/pkg/middleware/middle.go:65 (0xe04499)
	Handler.GinFunc.func1: h(v.(IMiddleContext))
/home/yanglei/work/pkg/mod/github.com/gin-gonic/gin@v1.6.2/context.go:156 (0xd947ba)
	(*Context).Next: c.handlers[c.index](c)
/home/yanglei/work/src/github.com/micro-plat/hydra/hydra/servers/pkg/middleware/auth.basic.go:26 (0xdff101)
	BasicAuthForRealm.func1: ctx.Next()
/home/yanglei/work/src/github.com/micro-plat/hydra/hydra/servers/pkg/middleware/middle.go:65 (0xe04499)
	Handler.GinFunc.func1: h(v.(IMiddleContext))
/home/yanglei/work/pkg/mod/github.com/gin-gonic/gin@v1.6.2/context.go:156 (0xd947ba)
	(*Context).Next: c.handlers[c.index](c)
/home/yanglei/work/src/github.com/micro-plat/hydra/hydra/servers/pkg/middleware/header.go:30 (0xe020e5)
	Header.func1: ctx.Next()
/home/yanglei/work/src/github.com/micro-plat/hydra/hydra/servers/pkg/middleware/middle.go:65 (0xe04499)
	Handler.GinFunc.func1: h(v.(IMiddleContext))
/home/yanglei/work/pkg/mod/github.com/gin-gonic/gin@v1.6.2/context.go:156 (0xd947ba)
	(*Context).Next: c.handlers[c.index](c)
/home/yanglei/work/src/github.com/micro-plat/hydra/hydra/servers/pkg/middleware/static.go:18 (0xe05b3c)
	Static.func1: ctx.Next()
/home/yanglei/work/src/github.com/micro-plat/hydra/hydra/servers/pkg/middleware/middle.go:65 (0xe04499)
	Handler.GinFunc.func1: h(v.(IMiddleContext))
/home/yanglei/work/pkg/mod/github.com/gin-gonic/gin@v1.6.2/context.go:156 (0xd947ba)
	(*Context).Next: c.handlers[c.index](c)
/home/yanglei/work/src/github.com/micro-plat/hydra/hydra/servers/pkg/middleware/acl.limit.go:19 (0xdfda15)
	Limit.func1: ctx.Next()
/home/yanglei/work/src/github.com/micro-plat/hydra/hydra/servers/pkg/middleware/middle.go:65 (0xe04499)
	Handler.GinFunc.func1: h(v.(IMiddleContext))
/home/yanglei/work/pkg/mod/github.com/gin-gonic/gin@v1.6.2/context.go:156 (0xd947ba)
	(*Context).Next: c.handlers[c.index](c)
/home/yanglei/work/src/github.com/micro-plat/hydra/hydra/servers/pkg/middleware/option.go:17 (0xe04a90)
	Options.func1: ctx.Next()
/home/yanglei/work/src/github.com/micro-plat/hydra/hydra/servers/pkg/middleware/middle.go:65 (0xe04499)
	Handler.GinFunc.func1: h(v.(IMiddleContext))
/home/yanglei/work/pkg/mod/github.com/gin-gonic/gin@v1.6.2/context.go:156 (0xd947ba)
	(*Context).Next: c.handlers[c.index](c)
/home/yanglei/work/src/github.com/micro-plat/hydra/hydra/servers/pkg/middleware/delay.go:22 (0xe0060d)
	Delay.func1: ctx.Next()
/home/yanglei/work/src/github.com/micro-plat/hydra/hydra/servers/pkg/middleware/middle.go:65 (0xe04499)
	Handler.GinFunc.func1: h(v.(IMiddleContext))
/home/yanglei/work/pkg/mod/github.com/gin-gonic/gin@v1.6.2/context.go:156 (0xd947ba)
	(*Context).Next: c.handlers[c.index](c)
/home/yanglei/work/src/github.com/micro-plat/hydra/hydra/servers/pkg/middleware/acl.proxy.go:21 (0xdfdd3a)
	Proxy.func1: ctx.Next()
/home/yanglei/work/src/github.com/micro-plat/hydra/hydra/servers/pkg/middleware/middle.go:65 (0xe04499)
	Handler.GinFunc.func1: h(v.(IMiddleContext))
/home/yanglei/work/pkg/mod/github.com/gin-gonic/gin@v1.6.2/context.go:156 (0xd947ba)
	(*Context).Next: c.handlers[c.index](c)
/home/yanglei/work/src/github.com/micro-plat/hydra/hydra/servers/pkg/middleware/acl.white.go:19 (0xdfe4cb)
	WhiteList.func1: ctx.Next()
/home/yanglei/work/src/github.com/micro-plat/hydra/hydra/servers/pkg/middleware/middle.go:65 (0xe04499)
	Handler.GinFunc.func1: h(v.(IMiddleContext))
/home/yanglei/work/pkg/mod/github.com/gin-gonic/gin@v1.6.2/context.go:156 (0xd947ba)
	(*Context).Next: c.handlers[c.index](c)
/home/yanglei/work/src/github.com/micro-plat/hydra/hydra/servers/pkg/middleware/acl.black.go:17 (0xdfd54b)
	BlackList.func1: ctx.Next()
/home/yanglei/work/src/github.com/micro-plat/hydra/hydra/servers/pkg/middleware/middle.go:65 (0xe04499)
	Handler.GinFunc.func1: h(v.(IMiddleContext))
/home/yanglei/work/pkg/mod/github.com/gin-gonic/gin@v1.6.2/context.go:156 (0xd947ba)
	(*Context).Next: c.handlers[c.index](c)
/home/yanglei/work/src/github.com/micro-plat/hydra/hydra/servers/pkg/middleware/trace.go:9 (0xe060a6)
	Trace.func1: ctx.Next()
/home/yanglei/work/src/github.com/micro-plat/hydra/hydra/servers/pkg/middleware/middle.go:65 (0xe04499)
	Handler.GinFunc.func1: h(v.(IMiddleContext))
/home/yanglei/work/pkg/mod/github.com/gin-gonic/gin@v1.6.2/context.go:156 (0xd947ba)
	(*Context).Next: c.handlers[c.index](c)
/home/yanglei/work/src/github.com/micro-plat/hydra/hydra/servers/pkg/middleware/logging.go:18 (0xe025c6)
	Logging.func1: ctx.Next()
/home/yanglei/work/src/github.com/micro-plat/hydra/hydra/servers/pkg/middleware/middle.go:65 (0xe04499)
	Handler.GinFunc.func1: h(v.(IMiddleContext))
/home/yanglei/work/pkg/mod/github.com/gin-gonic/gin@v1.6.2/context.go:156 (0xd947ba)
	(*Context).Next: c.handlers[c.index](c)
/home/yanglei/work/src/github.com/micro-plat/hydra/hydra/servers/pkg/middleware/recovery.go:19 (0xe04ea1)
	Recovery.func1: ctx.Next()
/home/yanglei/work/src/github.com/micro-plat/hydra/hydra/servers/pkg/middleware/middle.go:65 (0xe04499)
	Handler.GinFunc.func1: h(v.(IMiddleContext))
/home/yanglei/work/pkg/mod/github.com/gin-gonic/gin@v1.6.2/context.go:156 (0xd947ba)
	(*Context).Next: c.handlers[c.index](c)
/home/yanglei/work/pkg/mod/github.com/gin-gonic/gin@v1.6.2/gin.go:409 (0xd9e8d9)
	(*Engine).handleHTTPRequest: c.Next()
/home/yanglei/work/pkg/mod/github.com/gin-gonic/gin@v1.6.2/gin.go:367 (0xd9df9d)
	(*Engine).ServeHTTP: engine.handleHTTPRequest(c)
/usr/local/go/src/net/http/server.go:2843 (0x8f14e2)
	serverHandler.ServeHTTP: handler.ServeHTTP(rw, req)
/usr/local/go/src/net/http/server.go:1925 (0x8ecbec)
	(*conn).serve: serverHandler{c.server}.ServeHTTP(w, w.req)
/usr/local/go/src/runtime/asm_amd64.s:1374 (0x471ea0)
	goexit: BYTE	$0x90	// NOP

[2020/12/03 10:58:53.71535][e][1702da901] Server Error
[2020/12/03 10:58:53.308853][i][7fee5439d] api.request: GET /favicon.ico from 192.168.4.121
[2020/12/03 10:58:53.308880][e][7fee5439d] api.response: GET /favicon.ico 0  21.249µs
[2020/12/03 10:58:56.497013][i][dd684e859] api.request: GET /api/panic from 192.168.4.121
[2020/12/03 10:58:56.499078][e][dd684e859] -----[Recovery] panic recovered:
主动抛出异常
/home/yanglei/work/src/github.com/micro-plat/hydra/context/ctx.go:35 (0x96b579)
	Handler.Handle: return h(c)
/home/yanglei/work/src/github.com/micro-plat/hydra/hydra/servers/pkg/middleware/handler.go:64 (0xe00e72)
	ExecuteHandler.func1: result := h.Handle(ctx)
/home/yanglei/work/src/github.com/micro-plat/hydra/hydra/servers/pkg/middleware/middle.go:65 (0xe04499)
	Handler.GinFunc.func1: h(v.(IMiddleContext))
/home/yanglei/work/pkg/mod/github.com/gin-gonic/gin@v1.6.2/context.go:156 (0xd947ba)
	(*Context).Next: c.handlers[c.index](c)
/home/yanglei/work/src/github.com/micro-plat/hydra/hydra/servers/pkg/middleware/metric.go:66 (0xe04331)
	(*Metric).Handle.func1: ctx.Next()
/home/yanglei/work/src/github.com/micro-plat/hydra/hydra/servers/pkg/middleware/middle.go:65 (0xe04499)
	Handler.GinFunc.func1: h(v.(IMiddleContext))
/home/yanglei/work/pkg/mod/github.com/gin-gonic/gin@v1.6.2/context.go:156 (0xd947ba)
	(*Context).Next: c.handlers[c.index](c)
/home/yanglei/work/src/github.com/micro-plat/hydra/hydra/servers/pkg/middleware/auth.jwtWriter.go:15 (0xdff814)
	JwtWriter.func1: ctx.Next()
/home/yanglei/work/src/github.com/micro-plat/hydra/hydra/servers/pkg/middleware/middle.go:65 (0xe04499)
	Handler.GinFunc.func1: h(v.(IMiddleContext))
/home/yanglei/work/pkg/mod/github.com/gin-gonic/gin@v1.6.2/context.go:156 (0xd947ba)
	(*Context).Next: c.handlers[c.index](c)
/home/yanglei/work/src/github.com/micro-plat/hydra/hydra/servers/pkg/middleware/render.go:12 (0xe04f37)
	Render.func1: ctx.Next()
/home/yanglei/work/src/github.com/micro-plat/hydra/hydra/servers/pkg/middleware/middle.go:65 (0xe04499)
	Handler.GinFunc.func1: h(v.(IMiddleContext))
/home/yanglei/work/pkg/mod/github.com/gin-gonic/gin@v1.6.2/context.go:156 (0xd947ba)
	(*Context).Next: c.handlers[c.index](c)
/home/yanglei/work/src/github.com/micro-plat/hydra/hydra/servers/pkg/middleware/auth.jwtAuth.go:24 (0xdff6e4)
	JwtAuth.func1: ctx.Next()
/home/yanglei/work/src/github.com/micro-plat/hydra/hydra/servers/pkg/middleware/middle.go:65 (0xe04499)
	Handler.GinFunc.func1: h(v.(IMiddleContext))
/home/yanglei/work/pkg/mod/github.com/gin-gonic/gin@v1.6.2/context.go:156 (0xd947ba)
	(*Context).Next: c.handlers[c.index](c)
/home/yanglei/work/src/github.com/micro-plat/hydra/hydra/servers/pkg/middleware/auth.ras.go:23 (0xe00448)
	RASAuth.func1: ctx.Next()
/home/yanglei/work/src/github.com/micro-plat/hydra/hydra/servers/pkg/middleware/middle.go:65 (0xe04499)
	Handler.GinFunc.func1: h(v.(IMiddleContext))
/home/yanglei/work/pkg/mod/github.com/gin-gonic/gin@v1.6.2/context.go:156 (0xd947ba)
	(*Context).Next: c.handlers[c.index](c)
/home/yanglei/work/src/github.com/micro-plat/hydra/hydra/servers/pkg/middleware/auth.apikey.go:27 (0xdfea4b)
	APIKeyAuth.func1: ctx.Next()
/home/yanglei/work/src/github.com/micro-plat/hydra/hydra/servers/pkg/middleware/middle.go:65 (0xe04499)
	Handler.GinFunc.func1: h(v.(IMiddleContext))
/home/yanglei/work/pkg/mod/github.com/gin-gonic/gin@v1.6.2/context.go:156 (0xd947ba)
	(*Context).Next: c.handlers[c.index](c)
/home/yanglei/work/src/github.com/micro-plat/hydra/hydra/servers/pkg/middleware/auth.basic.go:26 (0xdff101)
	BasicAuthForRealm.func1: ctx.Next()
/home/yanglei/work/src/github.com/micro-plat/hydra/hydra/servers/pkg/middleware/middle.go:65 (0xe04499)
	Handler.GinFunc.func1: h(v.(IMiddleContext))
/home/yanglei/work/pkg/mod/github.com/gin-gonic/gin@v1.6.2/context.go:156 (0xd947ba)
	(*Context).Next: c.handlers[c.index](c)
/home/yanglei/work/src/github.com/micro-plat/hydra/hydra/servers/pkg/middleware/header.go:30 (0xe020e5)
	Header.func1: ctx.Next()
/home/yanglei/work/src/github.com/micro-plat/hydra/hydra/servers/pkg/middleware/middle.go:65 (0xe04499)
	Handler.GinFunc.func1: h(v.(IMiddleContext))
/home/yanglei/work/pkg/mod/github.com/gin-gonic/gin@v1.6.2/context.go:156 (0xd947ba)
	(*Context).Next: c.handlers[c.index](c)
/home/yanglei/work/src/github.com/micro-plat/hydra/hydra/servers/pkg/middleware/static.go:18 (0xe05b3c)
	Static.func1: ctx.Next()
/home/yanglei/work/src/github.com/micro-plat/hydra/hydra/servers/pkg/middleware/middle.go:65 (0xe04499)
	Handler.GinFunc.func1: h(v.(IMiddleContext))
/home/yanglei/work/pkg/mod/github.com/gin-gonic/gin@v1.6.2/context.go:156 (0xd947ba)
	(*Context).Next: c.handlers[c.index](c)
/home/yanglei/work/src/github.com/micro-plat/hydra/hydra/servers/pkg/middleware/acl.limit.go:19 (0xdfda15)
	Limit.func1: ctx.Next()
/home/yanglei/work/src/github.com/micro-plat/hydra/hydra/servers/pkg/middleware/middle.go:65 (0xe04499)
	Handler.GinFunc.func1: h(v.(IMiddleContext))
/home/yanglei/work/pkg/mod/github.com/gin-gonic/gin@v1.6.2/context.go:156 (0xd947ba)
	(*Context).Next: c.handlers[c.index](c)
/home/yanglei/work/src/github.com/micro-plat/hydra/hydra/servers/pkg/middleware/option.go:17 (0xe04a90)
	Options.func1: ctx.Next()
/home/yanglei/work/src/github.com/micro-plat/hydra/hydra/servers/pkg/middleware/middle.go:65 (0xe04499)
	Handler.GinFunc.func1: h(v.(IMiddleContext))
/home/yanglei/work/pkg/mod/github.com/gin-gonic/gin@v1.6.2/context.go:156 (0xd947ba)
	(*Context).Next: c.handlers[c.index](c)
/home/yanglei/work/src/github.com/micro-plat/hydra/hydra/servers/pkg/middleware/delay.go:22 (0xe0060d)
	Delay.func1: ctx.Next()
/home/yanglei/work/src/github.com/micro-plat/hydra/hydra/servers/pkg/middleware/middle.go:65 (0xe04499)
	Handler.GinFunc.func1: h(v.(IMiddleContext))
/home/yanglei/work/pkg/mod/github.com/gin-gonic/gin@v1.6.2/context.go:156 (0xd947ba)
	(*Context).Next: c.handlers[c.index](c)
/home/yanglei/work/src/github.com/micro-plat/hydra/hydra/servers/pkg/middleware/acl.proxy.go:21 (0xdfdd3a)
	Proxy.func1: ctx.Next()
/home/yanglei/work/src/github.com/micro-plat/hydra/hydra/servers/pkg/middleware/middle.go:65 (0xe04499)
	Handler.GinFunc.func1: h(v.(IMiddleContext))
/home/yanglei/work/pkg/mod/github.com/gin-gonic/gin@v1.6.2/context.go:156 (0xd947ba)
	(*Context).Next: c.handlers[c.index](c)
/home/yanglei/work/src/github.com/micro-plat/hydra/hydra/servers/pkg/middleware/acl.white.go:19 (0xdfe4cb)
	WhiteList.func1: ctx.Next()
/home/yanglei/work/src/github.com/micro-plat/hydra/hydra/servers/pkg/middleware/middle.go:65 (0xe04499)
	Handler.GinFunc.func1: h(v.(IMiddleContext))
/home/yanglei/work/pkg/mod/github.com/gin-gonic/gin@v1.6.2/context.go:156 (0xd947ba)
	(*Context).Next: c.handlers[c.index](c)
/home/yanglei/work/src/github.com/micro-plat/hydra/hydra/servers/pkg/middleware/acl.black.go:17 (0xdfd54b)
	BlackList.func1: ctx.Next()
/home/yanglei/work/src/github.com/micro-plat/hydra/hydra/servers/pkg/middleware/middle.go:65 (0xe04499)
	Handler.GinFunc.func1: h(v.(IMiddleContext))
/home/yanglei/work/pkg/mod/github.com/gin-gonic/gin@v1.6.2/context.go:156 (0xd947ba)
	(*Context).Next: c.handlers[c.index](c)
/home/yanglei/work/src/github.com/micro-plat/hydra/hydra/servers/pkg/middleware/trace.go:9 (0xe060a6)
	Trace.func1: ctx.Next()
/home/yanglei/work/src/github.com/micro-plat/hydra/hydra/servers/pkg/middleware/middle.go:65 (0xe04499)
	Handler.GinFunc.func1: h(v.(IMiddleContext))
/home/yanglei/work/pkg/mod/github.com/gin-gonic/gin@v1.6.2/context.go:156 (0xd947ba)
	(*Context).Next: c.handlers[c.index](c)
/home/yanglei/work/src/github.com/micro-plat/hydra/hydra/servers/pkg/middleware/logging.go:18 (0xe025c6)
	Logging.func1: ctx.Next()
/home/yanglei/work/src/github.com/micro-plat/hydra/hydra/servers/pkg/middleware/middle.go:65 (0xe04499)
	Handler.GinFunc.func1: h(v.(IMiddleContext))
/home/yanglei/work/pkg/mod/github.com/gin-gonic/gin@v1.6.2/context.go:156 (0xd947ba)
	(*Context).Next: c.handlers[c.index](c)
/home/yanglei/work/src/github.com/micro-plat/hydra/hydra/servers/pkg/middleware/recovery.go:19 (0xe04ea1)
	Recovery.func1: ctx.Next()
/home/yanglei/work/src/github.com/micro-plat/hydra/hydra/servers/pkg/middleware/middle.go:65 (0xe04499)
	Handler.GinFunc.func1: h(v.(IMiddleContext))
/home/yanglei/work/pkg/mod/github.com/gin-gonic/gin@v1.6.2/context.go:156 (0xd947ba)
	(*Context).Next: c.handlers[c.index](c)
/home/yanglei/work/pkg/mod/github.com/gin-gonic/gin@v1.6.2/gin.go:409 (0xd9e8d9)
	(*Engine).handleHTTPRequest: c.Next()
/home/yanglei/work/pkg/mod/github.com/gin-gonic/gin@v1.6.2/gin.go:367 (0xd9df9d)
	(*Engine).ServeHTTP: engine.handleHTTPRequest(c)
/usr/local/go/src/net/http/server.go:2843 (0x8f14e2)
	serverHandler.ServeHTTP: handler.ServeHTTP(rw, req)
/usr/local/go/src/net/http/server.go:1925 (0x8ecbec)
	(*conn).serve: serverHandler{c.server}.ServeHTTP(w, w.req)
/usr/local/go/src/runtime/asm_amd64.s:1374 (0x471ea0)
	goexit: BYTE	$0x90	// NOP

[2020/12/03 10:58:56.499082][e][dd684e859] Server Error

--------------------begin------------------------

[2020/12/03 11:00:48.204676][i][f53fab927] 初始化: /hydratest/apiserver_recovery/api/test/conf
[2020/12/03 11:00:48.206094][i][f53fab927] 启动[api]服务...
[2020/12/03 11:00:48.706800][i][69f64a0d3] 启动成功(api,http://192.168.4.121:50010,[2])
[2020/12/03 11:00:55.197151][i][823437668] api.request: GET /api/panic from 192.168.4.121
[2020/12/03 11:00:55.200277][e][823437668] -----[Recovery] panic recovered:
主动抛出异常
/home/yanglei/work/src/github.com/micro-plat/hydra/context/ctx.go:35 (0x96b579)
	Handler.Handle: return h(c)
/home/yanglei/work/src/github.com/micro-plat/hydra/hydra/servers/pkg/middleware/handler.go:64 (0xe00e72)
	ExecuteHandler.func1: result := h.Handle(ctx)
/home/yanglei/work/src/github.com/micro-plat/hydra/hydra/servers/pkg/middleware/middle.go:65 (0xe04499)
	Handler.GinFunc.func1: h(v.(IMiddleContext))
/home/yanglei/work/pkg/mod/github.com/gin-gonic/gin@v1.6.2/context.go:156 (0xd947ba)
	(*Context).Next: c.handlers[c.index](c)
/home/yanglei/work/src/github.com/micro-plat/hydra/hydra/servers/pkg/middleware/metric.go:66 (0xe04331)
	(*Metric).Handle.func1: ctx.Next()
/home/yanglei/work/src/github.com/micro-plat/hydra/hydra/servers/pkg/middleware/middle.go:65 (0xe04499)
	Handler.GinFunc.func1: h(v.(IMiddleContext))
/home/yanglei/work/pkg/mod/github.com/gin-gonic/gin@v1.6.2/context.go:156 (0xd947ba)
	(*Context).Next: c.handlers[c.index](c)
/home/yanglei/work/src/github.com/micro-plat/hydra/hydra/servers/pkg/middleware/auth.jwtWriter.go:15 (0xdff814)
	JwtWriter.func1: ctx.Next()
/home/yanglei/work/src/github.com/micro-plat/hydra/hydra/servers/pkg/middleware/middle.go:65 (0xe04499)
	Handler.GinFunc.func1: h(v.(IMiddleContext))
/home/yanglei/work/pkg/mod/github.com/gin-gonic/gin@v1.6.2/context.go:156 (0xd947ba)
	(*Context).Next: c.handlers[c.index](c)
/home/yanglei/work/src/github.com/micro-plat/hydra/hydra/servers/pkg/middleware/render.go:12 (0xe04f37)
	Render.func1: ctx.Next()
/home/yanglei/work/src/github.com/micro-plat/hydra/hydra/servers/pkg/middleware/middle.go:65 (0xe04499)
	Handler.GinFunc.func1: h(v.(IMiddleContext))
/home/yanglei/work/pkg/mod/github.com/gin-gonic/gin@v1.6.2/context.go:156 (0xd947ba)
	(*Context).Next: c.handlers[c.index](c)
/home/yanglei/work/src/github.com/micro-plat/hydra/hydra/servers/pkg/middleware/auth.jwtAuth.go:24 (0xdff6e4)
	JwtAuth.func1: ctx.Next()
/home/yanglei/work/src/github.com/micro-plat/hydra/hydra/servers/pkg/middleware/middle.go:65 (0xe04499)
	Handler.GinFunc.func1: h(v.(IMiddleContext))
/home/yanglei/work/pkg/mod/github.com/gin-gonic/gin@v1.6.2/context.go:156 (0xd947ba)
	(*Context).Next: c.handlers[c.index](c)
/home/yanglei/work/src/github.com/micro-plat/hydra/hydra/servers/pkg/middleware/auth.ras.go:23 (0xe00448)
	RASAuth.func1: ctx.Next()
/home/yanglei/work/src/github.com/micro-plat/hydra/hydra/servers/pkg/middleware/middle.go:65 (0xe04499)
	Handler.GinFunc.func1: h(v.(IMiddleContext))
/home/yanglei/work/pkg/mod/github.com/gin-gonic/gin@v1.6.2/context.go:156 (0xd947ba)
	(*Context).Next: c.handlers[c.index](c)
/home/yanglei/work/src/github.com/micro-plat/hydra/hydra/servers/pkg/middleware/auth.apikey.go:27 (0xdfea4b)
	APIKeyAuth.func1: ctx.Next()
/home/yanglei/work/src/github.com/micro-plat/hydra/hydra/servers/pkg/middleware/middle.go:65 (0xe04499)
	Handler.GinFunc.func1: h(v.(IMiddleContext))
/home/yanglei/work/pkg/mod/github.com/gin-gonic/gin@v1.6.2/context.go:156 (0xd947ba)
	(*Context).Next: c.handlers[c.index](c)
/home/yanglei/work/src/github.com/micro-plat/hydra/hydra/servers/pkg/middleware/auth.basic.go:26 (0xdff101)
	BasicAuthForRealm.func1: ctx.Next()
/home/yanglei/work/src/github.com/micro-plat/hydra/hydra/servers/pkg/middleware/middle.go:65 (0xe04499)
	Handler.GinFunc.func1: h(v.(IMiddleContext))
/home/yanglei/work/pkg/mod/github.com/gin-gonic/gin@v1.6.2/context.go:156 (0xd947ba)
	(*Context).Next: c.handlers[c.index](c)
/home/yanglei/work/src/github.com/micro-plat/hydra/hydra/servers/pkg/middleware/header.go:30 (0xe020e5)
	Header.func1: ctx.Next()
/home/yanglei/work/src/github.com/micro-plat/hydra/hydra/servers/pkg/middleware/middle.go:65 (0xe04499)
	Handler.GinFunc.func1: h(v.(IMiddleContext))
/home/yanglei/work/pkg/mod/github.com/gin-gonic/gin@v1.6.2/context.go:156 (0xd947ba)
	(*Context).Next: c.handlers[c.index](c)
/home/yanglei/work/src/github.com/micro-plat/hydra/hydra/servers/pkg/middleware/static.go:18 (0xe05b3c)
	Static.func1: ctx.Next()
/home/yanglei/work/src/github.com/micro-plat/hydra/hydra/servers/pkg/middleware/middle.go:65 (0xe04499)
	Handler.GinFunc.func1: h(v.(IMiddleContext))
/home/yanglei/work/pkg/mod/github.com/gin-gonic/gin@v1.6.2/context.go:156 (0xd947ba)
	(*Context).Next: c.handlers[c.index](c)
/home/yanglei/work/src/github.com/micro-plat/hydra/hydra/servers/pkg/middleware/acl.limit.go:19 (0xdfda15)
	Limit.func1: ctx.Next()
/home/yanglei/work/src/github.com/micro-plat/hydra/hydra/servers/pkg/middleware/middle.go:65 (0xe04499)
	Handler.GinFunc.func1: h(v.(IMiddleContext))
/home/yanglei/work/pkg/mod/github.com/gin-gonic/gin@v1.6.2/context.go:156 (0xd947ba)
	(*Context).Next: c.handlers[c.index](c)
/home/yanglei/work/src/github.com/micro-plat/hydra/hydra/servers/pkg/middleware/option.go:17 (0xe04a90)
	Options.func1: ctx.Next()
/home/yanglei/work/src/github.com/micro-plat/hydra/hydra/servers/pkg/middleware/middle.go:65 (0xe04499)
	Handler.GinFunc.func1: h(v.(IMiddleContext))
/home/yanglei/work/pkg/mod/github.com/gin-gonic/gin@v1.6.2/context.go:156 (0xd947ba)
	(*Context).Next: c.handlers[c.index](c)
/home/yanglei/work/src/github.com/micro-plat/hydra/hydra/servers/pkg/middleware/delay.go:22 (0xe0060d)
	Delay.func1: ctx.Next()
/home/yanglei/work/src/github.com/micro-plat/hydra/hydra/servers/pkg/middleware/middle.go:65 (0xe04499)
	Handler.GinFunc.func1: h(v.(IMiddleContext))
/home/yanglei/work/pkg/mod/github.com/gin-gonic/gin@v1.6.2/context.go:156 (0xd947ba)
	(*Context).Next: c.handlers[c.index](c)
/home/yanglei/work/src/github.com/micro-plat/hydra/hydra/servers/pkg/middleware/acl.proxy.go:21 (0xdfdd3a)
	Proxy.func1: ctx.Next()
/home/yanglei/work/src/github.com/micro-plat/hydra/hydra/servers/pkg/middleware/middle.go:65 (0xe04499)
	Handler.GinFunc.func1: h(v.(IMiddleContext))
/home/yanglei/work/pkg/mod/github.com/gin-gonic/gin@v1.6.2/context.go:156 (0xd947ba)
	(*Context).Next: c.handlers[c.index](c)
/home/yanglei/work/src/github.com/micro-plat/hydra/hydra/servers/pkg/middleware/acl.white.go:19 (0xdfe4cb)
	WhiteList.func1: ctx.Next()
/home/yanglei/work/src/github.com/micro-plat/hydra/hydra/servers/pkg/middleware/middle.go:65 (0xe04499)
	Handler.GinFunc.func1: h(v.(IMiddleContext))
/home/yanglei/work/pkg/mod/github.com/gin-gonic/gin@v1.6.2/context.go:156 (0xd947ba)
	(*Context).Next: c.handlers[c.index](c)
/home/yanglei/work/src/github.com/micro-plat/hydra/hydra/servers/pkg/middleware/acl.black.go:17 (0xdfd54b)
	BlackList.func1: ctx.Next()
/home/yanglei/work/src/github.com/micro-plat/hydra/hydra/servers/pkg/middleware/middle.go:65 (0xe04499)
	Handler.GinFunc.func1: h(v.(IMiddleContext))
/home/yanglei/work/pkg/mod/github.com/gin-gonic/gin@v1.6.2/context.go:156 (0xd947ba)
	(*Context).Next: c.handlers[c.index](c)
/home/yanglei/work/src/github.com/micro-plat/hydra/hydra/servers/pkg/middleware/trace.go:9 (0xe060a6)
	Trace.func1: ctx.Next()
/home/yanglei/work/src/github.com/micro-plat/hydra/hydra/servers/pkg/middleware/middle.go:65 (0xe04499)
	Handler.GinFunc.func1: h(v.(IMiddleContext))
/home/yanglei/work/pkg/mod/github.com/gin-gonic/gin@v1.6.2/context.go:156 (0xd947ba)
	(*Context).Next: c.handlers[c.index](c)
/home/yanglei/work/src/github.com/micro-plat/hydra/hydra/servers/pkg/middleware/recovery.go:19 (0xe04ea1)
	Recovery.func1: ctx.Next()
/home/yanglei/work/src/github.com/micro-plat/hydra/hydra/servers/pkg/middleware/middle.go:65 (0xe04499)
	Handler.GinFunc.func1: h(v.(IMiddleContext))
/home/yanglei/work/pkg/mod/github.com/gin-gonic/gin@v1.6.2/context.go:156 (0xd947ba)
	(*Context).Next: c.handlers[c.index](c)
/home/yanglei/work/src/github.com/micro-plat/hydra/hydra/servers/pkg/middleware/logging.go:18 (0xe025c6)
	Logging.func1: ctx.Next()
/home/yanglei/work/src/github.com/micro-plat/hydra/hydra/servers/pkg/middleware/middle.go:65 (0xe04499)
	Handler.GinFunc.func1: h(v.(IMiddleContext))
/home/yanglei/work/pkg/mod/github.com/gin-gonic/gin@v1.6.2/context.go:156 (0xd947ba)
	(*Context).Next: c.handlers[c.index](c)
/home/yanglei/work/src/github.com/micro-plat/hydra/hydra/servers/pkg/middleware/recovery.go:19 (0xe04ea1)
	Recovery.func1: ctx.Next()
/home/yanglei/work/src/github.com/micro-plat/hydra/hydra/servers/pkg/middleware/middle.go:65 (0xe04499)
	Handler.GinFunc.func1: h(v.(IMiddleContext))
/home/yanglei/work/pkg/mod/github.com/gin-gonic/gin@v1.6.2/context.go:156 (0xd947ba)
	(*Context).Next: c.handlers[c.index](c)
/home/yanglei/work/pkg/mod/github.com/gin-gonic/gin@v1.6.2/gin.go:409 (0xd9e8d9)
	(*Engine).handleHTTPRequest: c.Next()
/home/yanglei/work/pkg/mod/github.com/gin-gonic/gin@v1.6.2/gin.go:367 (0xd9df9d)
	(*Engine).ServeHTTP: engine.handleHTTPRequest(c)
/usr/local/go/src/net/http/server.go:2843 (0x8f14e2)
	serverHandler.ServeHTTP: handler.ServeHTTP(rw, req)
/usr/local/go/src/net/http/server.go:1925 (0x8ecbec)
	(*conn).serve: serverHandler{c.server}.ServeHTTP(w, w.req)
/usr/local/go/src/runtime/asm_amd64.s:1374 (0x471ea0)
	goexit: BYTE	$0x90	// NOP

[2020/12/03 11:00:55.200289][e][823437668] Server Error
[2020/12/03 11:00:55.200318][e][823437668] api.response: GET /api/panic 510  3.168273ms
[2020/12/03 11:02:06.145646][i][c7fceb921] apiserver_recovery 正在退出...
[2020/12/03 11:02:06.145662][i][69f64a0d3] 关闭[api]服务...
