
--------------------begin------------------------

[2020/12/04 14:13:10.299122][i][f0e13b84f] 初始化: /hydra/apiserver_bind/api/prod/conf
[2020/12/04 14:13:10.311018][i][f0e13b84f] 启动[api]服务...
[2020/12/04 14:13:10.821209][i][4c9ed89c7] 启动成功(api,http://192.168.4.121:8080,[0])

--------------------begin------------------------

[2020/12/04 14:14:15.545644][i][74731b48e] 初始化: /hydra/apiserver_bind/api/prod/conf
[2020/12/04 14:14:15.555167][i][74731b48e] 启动[api]服务...
[2020/12/04 14:14:16.61010][i][6b4145e48] 启动成功(api,http://192.168.4.121:8080,[0])

--------------------begin------------------------

[2020/12/04 14:16:16.161453][i][909625427] 初始化: /hydra/apiserver_bind/api/prod/conf
[2020/12/04 14:16:16.174650][i][909625427] 启动[api]服务...
[2020/12/04 14:16:16.682245][i][72dd02490] 启动成功(api,http://192.168.4.121:8080,[0])
[2020/12/04 14:18:17.479725][i][5d6c25532] api.request: POST /request?tp=2&sitecode=%d1%ee from 192.168.4.121
[2020/12/04 14:18:17.479784][e][5d6c25532] api.response: POST /request?tp=2&sitecode=%d1%ee 0  63.477µs

--------------------begin------------------------

[2020/12/04 14:22:01.243978][i][0ef5427e4] 初始化: /hydra/apiserver_bind/api/prod/conf
[2020/12/04 14:22:01.254766][i][0ef5427e4] 启动[api]服务...
[2020/12/04 14:22:01.764192][i][6eec8d7de] 启动成功(api,http://192.168.4.121:8080,[1])
[2020/12/04 14:22:14.420358][i][da1ae85a6] api.request: POST /request?tp=2&sitecode=%d1%ee from 192.168.4.121
[2020/12/04 14:22:14.420426][i][da1ae85a6] [116 105 109 101 61 50 48 50 48 45 49 49 45 50 48 37 50 48 49 54 37 51 65 49 51 37 51 65 53 52 38 99 111 100 101 61 81 88 89 80 75 74 56 50 56 68 50 50 55 56 50 70 66 70 55 56 48 57 38 115 105 116 101 99 111 100 101 61 71 84 80 66 111 120 38 114 101 99 104 97 114 103 101 95 97 109 111 117 110 116 61 48 38 115 105 103 110 61 55 48 57 53 67 69 57 57 50 50 69 50 69 68 69 49 65 55 48 53 66 49 54 48 54 54 48 56 65 55 66] <nil>
[2020/12/04 14:22:14.420482][e][da1ae85a6] 输入参数有误 parsing time ""2020-11-20 16:13:54"" as ""2006-01-02T15:04:05Z07:00"": cannot parse " 16:13:54"" as "T"
[2020/12/04 14:22:14.420504][e][da1ae85a6] api.response: POST /request?tp=2&sitecode=%d1%ee 406  151.541µs

--------------------begin------------------------

[2020/12/04 14:23:16.333412][i][415ccc345] 初始化: /hydra/apiserver_bind/api/prod/conf
[2020/12/04 14:23:16.351260][i][415ccc345] 启动[api]服务...
[2020/12/04 14:23:16.860283][i][dc612c701] 启动成功(api,http://192.168.4.121:8080,[0])
[2020/12/04 14:25:07.297378][i][0311b7a5b] apiserver_bind 正在退出...
[2020/12/04 14:25:07.297389][i][dc612c701] 关闭[api]服务...

--------------------begin------------------------

[2020/12/04 14:25:10.185281][i][1d87669d0] 初始化: /hydra/apiserver_bind/api/prod/conf
[2020/12/04 14:25:10.195664][i][1d87669d0] 启动[api]服务...
[2020/12/04 14:25:10.704861][i][dbfb51e6b] 启动成功(api,http://192.168.4.121:8080,[0])
[2020/12/04 14:25:15.715961][i][43dc81b45] apiserver_bind 正在退出...
[2020/12/04 14:25:15.716001][i][dbfb51e6b] 关闭[api]服务...

--------------------begin------------------------

[2020/12/04 14:26:35.831793][i][5c633bc60] 初始化: /hydra/apiserver_bind/api/prod/conf
[2020/12/04 14:26:35.841050][i][5c633bc60] 启动[api]服务...
[2020/12/04 14:26:36.350218][i][8e26fadb1] 启动成功(api,http://192.168.4.121:8080,[0])

--------------------begin------------------------

[2020/12/04 14:26:46.743][i][6a0a8ec34] 初始化: /hydra/apiserver_bind/api/prod/conf
[2020/12/04 14:26:46.12445][i][6a0a8ec34] 启动[api]服务...
[2020/12/04 14:26:46.521929][i][01725fa99] 启动成功(api,http://192.168.4.121:8080,[0])
[2020/12/04 15:44:24.986309][i][9f05681a9] apiserver_bind 正在退出...
[2020/12/04 15:44:24.986332][i][01725fa99] 关闭[api]服务...

--------------------begin------------------------

[2020/12/04 15:44:29.302873][i][cd8196330] 初始化: /hydra/apiserver_bind/api/prod/conf
[2020/12/04 15:44:29.313880][i][cd8196330] 启动[api]服务...
[2020/12/04 15:44:29.822169][i][7ece65836] 启动成功(api,http://192.168.4.121:8080,[1])
[2020/12/04 15:44:33.888355][i][6b4261778] api.request: POST /request?tp=2&sitecode=%d1%ee from 192.168.4.121
[2020/12/04 15:44:33.888444][i][6b4261778] [116 105 109 101 61 50 48 50 48 45 49 49 45 50 48 37 50 48 49 54 37 51 65 49 51 37 51 65 53 52 38 99 111 100 101 61 81 88 89 80 75 74 56 50 56 68 50 50 55 56 50 70 66 70 55 56 48 57 38 115 105 116 101 99 111 100 101 61 71 84 80 66 111 120 38 114 101 99 104 97 114 103 101 95 97 109 111 117 110 116 61 48 38 115 105 103 110 61 55 48 57 53 67 69 57 57 50 50 69 50 69 68 69 49 65 55 48 53 66 49 54 48 54 54 48 56 65 55 66] <nil>
[2020/12/04 15:44:33.888466][i][6b4261778] {Type:0 Time:0001-01-01 00:00:00 +0000 UTC Code: Sitecode: RechargeAmount:0 Sign:}-gbk
[2020/12/04 15:44:33.888532][i][6b4261778] api.response: POST /request?tp=2&sitecode=%d1%ee 200  184.956µs
[2020/12/04 15:45:36.281632][i][32408c2bf] api.request: POST /request?tp=2&sitecode=%d1%ee from 192.168.4.121
[2020/12/04 15:45:36.281701][i][32408c2bf] [116 105 109 101 61 50 48 50 48 49 49 50 48 49 54 49 51 53 52 38 99 111 100 101 61 81 88 89 80 75 74 56 50 56 68 50 50 55 56 50 70 66 70 55 56 48 57 38 115 105 116 101 99 111 100 101 61 71 84 80 66 111 120 38 114 101 99 104 97 114 103 101 95 97 109 111 117 110 116 61 48 38 115 105 103 110 61 55 48 57 53 67 69 57 57 50 50 69 50 69 68 69 49 65 55 48 53 66 49 54 48 54 54 48 56 65 55 66] <nil>
[2020/12/04 15:45:36.281721][i][32408c2bf] {Type:0 Time:0001-01-01 00:00:00 +0000 UTC Code: Sitecode: RechargeAmount:0 Sign:}-gbk
[2020/12/04 15:45:36.281756][i][32408c2bf] api.response: POST /request?tp=2&sitecode=%d1%ee 200  131.258µs
[2020/12/04 15:45:40.887863][i][f62007446] apiserver_bind 正在退出...
[2020/12/04 15:45:40.887876][i][7ece65836] 关闭[api]服务...

--------------------begin------------------------

[2020/12/04 15:45:50.394575][i][f8c774a50] 初始化: /hydra/apiserver_bind/api/prod/conf
[2020/12/04 15:45:50.405466][i][f8c774a50] 启动[api]服务...
[2020/12/04 15:45:50.914051][i][d80fd9311] 启动成功(api,http://192.168.4.121:8080,[1])
[2020/12/04 15:45:59.327080][i][940a7f9a0] api.request: POST /request?tp=2&sitecode=%d1%ee from 192.168.4.121
[2020/12/04 15:45:59.327169][i][940a7f9a0] {Type:0 Time:0001-01-01 00:00:00 +0000 UTC Code: Sitecode: RechargeAmount:0 Sign:}-gbk
[2020/12/04 15:45:59.327231][i][940a7f9a0] api.response: POST /request?tp=2&sitecode=%d1%ee 200  153.067µs

--------------------begin------------------------

[2020/12/04 15:47:09.173783][i][ac6396dab] 初始化: /hydra/apiserver_bind/api/prod/conf
[2020/12/04 15:47:09.186435][i][ac6396dab] 启动[api]服务...
[2020/12/04 15:47:09.693407][i][5197272fe] 启动成功(api,http://192.168.4.121:8080,[1])
[2020/12/04 15:47:13.833261][i][ba3ead10d] api.request: POST /request?tp=2&sitecode=%d1%ee from 192.168.4.121
[2020/12/04 15:47:13.833354][i][ba3ead10d] {Type:0 Time:0001-01-01 00:00:00 +0000 UTC Code: Sitecode: RechargeAmount:0 Sign:}-gbk
[2020/12/04 15:47:13.833417][i][ba3ead10d] api.response: POST /request?tp=2&sitecode=%d1%ee 200  160.401µs
[2020/12/04 15:47:36.550419][i][273ff8f64] api.request: POST /request?tp=2&sitecode=%d1%ee from 192.168.4.121
[2020/12/04 15:47:36.550454][i][273ff8f64] {Type:0 Time:0001-01-01 00:00:00 +0000 UTC Code: Sitecode: RechargeAmount:0 Sign:}-gbk
[2020/12/04 15:47:36.550483][i][273ff8f64] api.response: POST /request?tp=2&sitecode=%d1%ee 200  69.008µs

--------------------begin------------------------

[2020/12/04 15:49:32.462420][i][ce5dae202] 初始化: /hydra/apiserver_bind/api/prod/conf
[2020/12/04 15:49:32.472073][i][ce5dae202] 启动[api]服务...
[2020/12/04 15:49:32.983472][i][04ac2a24b] 启动成功(api,http://192.168.4.121:8080,[1])
[2020/12/04 15:49:36.299983][i][5667608f1] api.request: POST /request?tp=2&sitecode=%d1%ee from 192.168.4.121
[2020/12/04 15:49:36.300156][i][5667608f1] {Type:0 Time:0001-01-01 00:00:00 +0000 UTC Code: Sitecode: RechargeAmount:0 Sign:}-gbk
[2020/12/04 15:49:36.300259][i][5667608f1] api.response: POST /request?tp=2&sitecode=%d1%ee 200  281.674µs
[2020/12/04 15:51:31.174315][i][62ce7b96e] api.request: POST /request?tp=2&sitecode=%d1%ee from 192.168.4.121
[2020/12/04 15:51:31.174417][i][62ce7b96e] {Type:0 Time:0001-01-01 00:00:00 +0000 UTC Code: Sitecode: RechargeAmount:0 Sign:}-gbk
[2020/12/04 15:51:31.174448][i][62ce7b96e] api.response: POST /request?tp=2&sitecode=%d1%ee 200  137.276µs

--------------------begin------------------------

[2020/12/04 15:52:10.908943][i][9af92cc25] 初始化: /hydra/apiserver_bind/api/prod/conf
[2020/12/04 15:52:10.926442][i][9af92cc25] 启动[api]服务...
[2020/12/04 15:52:11.434850][i][7b0d84947] 启动成功(api,http://192.168.4.121:8080,[1])
[2020/12/04 15:52:15.701919][i][99c11e134] api.request: POST /request?tp=2&sitecode=%d1%ee from 192.168.4.121
[2020/12/04 15:52:15.702086][i][99c11e134] {Type:0 Time:0001-01-01 00:00:00 +0000 UTC Code: Sitecode: RechargeAmount:0 Sign:}-gbk
[2020/12/04 15:52:15.702156][i][99c11e134] api.response: POST /request?tp=2&sitecode=%d1%ee 200  241.366µs

--------------------begin------------------------

[2020/12/04 15:52:47.111165][i][ec62c8c3c] 初始化: /hydra/apiserver_bind/api/prod/conf
[2020/12/04 15:52:47.130002][i][ec62c8c3c] 启动[api]服务...
[2020/12/04 15:52:47.639019][i][80c56ad99] 启动成功(api,http://192.168.4.121:8080,[1])
[2020/12/04 15:52:49.546245][i][d6833beb5] api.request: POST /request?tp=2&sitecode=%d1%ee from 192.168.4.121
[2020/12/04 15:52:49.546390][i][d6833beb5] {Type: Time: Code: Sitecode: RechargeAmount: Sign:}-gbk
[2020/12/04 15:52:49.546452][i][d6833beb5] api.response: POST /request?tp=2&sitecode=%d1%ee 200  214.833µs
