
--------------------begin------------------------

[2020/12/03 17:37:53.650589][i][1f109bbf2] 初始化: /hydra/apiserver_bind/api/prod/conf
[2020/12/03 17:37:53.651809][i][1f109bbf2] 启动[api]服务...
[2020/12/03 17:37:54.152046][i][5e74db92e] 启动成功(api,http://192.168.4.121:8080,[1])

--------------------begin------------------------

[2020/12/03 17:38:40.417019][i][830e9ec0e] 初始化: /hydra/apiserver_bind/api/prod/conf
[2020/12/03 17:38:41.417925][d][830e9ec0e] 监听服务器配置...

--------------------begin------------------------

[2020/12/03 17:39:06.88003][i][7b43b5439] 初始化: /hydra/apiserver_bind/api/prod/conf
[2020/12/03 17:39:07.88945][d][7b43b5439] 监听服务器配置...

--------------------begin------------------------

[2020/12/03 17:39:22.170520][i][5a9e58fb5] 初始化: /hydra/apiserver_bind/api/prod/conf
[2020/12/03 17:39:23.171932][d][5a9e58fb5] 监听服务器配置...

--------------------begin------------------------

[2020/12/03 17:39:36.31418][i][690c33dbc] 初始化: /hydra/apiserver_bind/api/prod/conf
[2020/12/03 17:39:37.32297][d][690c33dbc] 监听服务器配置...

--------------------begin------------------------

[2020/12/03 17:39:57.558480][i][078da251b] 初始化: /hydra/apiserver_bind/api/prod/conf
[2020/12/03 17:39:57.567754][i][078da251b] 启动[api]服务...
[2020/12/03 17:39:58.76483][i][adb0ab683] 启动成功(api,http://192.168.4.121:8080,[1])
[2020/12/03 17:41:09.947268][i][6aacd6735] api.request: POST /request?tp=2&sitecode=%d1%ee from 192.168.4.121
[2020/12/03 17:41:09.947341][i][6aacd6735] [116 105 109 101 61 50 48 50 48 45 49 49 45 50 48 37 50 48 49 54 37 51 65 49 51 37 51 65 53 52 38 99 111 100 101 61 81 88 89 80 75 74 56 50 56 68 50 50 55 56 50 70 66 70 55 56 48 57 38 115 105 116 101 99 111 100 101 61 71 84 80 66 111 120 38 114 101 99 104 97 114 103 101 95 97 109 111 117 110 116 61 48 38 115 105 103 110 61 55 48 57 53 67 69 57 57 50 50 69 50 69 68 69 49 65 55 48 53 66 49 54 48 54 54 48 56 65 55 66] <nil>
[2020/12/03 17:41:09.947399][i][6aacd6735] {Type:2 Time:2020-11-20 16:13:54 Code:QXYPKJ828D22782FBF7809 Sitecode:杨,GTPBox RechargeAmount:0 Sign:7095CE9922E2EDE1A705B1606608A7B}-gbk
[2020/12/03 17:41:09.947427][i][6aacd6735] api.response: POST /request?tp=2&sitecode=%d1%ee 200  161.398µs
[2020/12/03 17:41:45.131591][i][ec3bb909e] apiserver_bind 正在退出...
[2020/12/03 17:41:45.131604][i][adb0ab683] 关闭[api]服务...

--------------------begin------------------------

[2020/12/03 17:42:26.208722][i][78920ac43] 初始化: /hydra/apiserver_bind/api/prod/conf
[2020/12/03 17:42:26.219136][i][78920ac43] 启动[api]服务...
[2020/12/03 17:42:26.727163][i][a6090d882] 启动成功(api,http://192.168.4.121:8080,[1])
[2020/12/03 17:42:30.283916][i][973f0ba90] api.request: POST /request?tp=2&sitecode=%d1%ee from 192.168.4.121
[2020/12/03 17:42:30.283991][i][973f0ba90] body:
[2020/12/03 17:42:30.284003][i][973f0ba90] [116 105 109 101 61 50 48 50 48 45 49 49 45 50 48 37 50 48 49 54 37 51 65 49 51 37 51 65 53 52 38 99 111 100 101 61 81 88 89 80 75 74 56 50 56 68 50 50 55 56 50 70 66 70 55 56 48 57 38 115 105 116 101 99 111 100 101 61 71 84 80 66 111 120 38 114 101 99 104 97 114 103 101 95 97 109 111 117 110 116 61 48 38 115 105 103 110 61 55 48 57 53 67 69 57 57 50 50 69 50 69 68 69 49 65 55 48 53 66 49 54 48 54 54 48 56 65 55 66] <nil>
[2020/12/03 17:42:30.284060][i][973f0ba90] {Type:2 Time:2020-11-20 16:13:54 Code:QXYPKJ828D22782FBF7809 Sitecode:杨,GTPBox RechargeAmount:0 Sign:7095CE9922E2EDE1A705B1606608A7B}-gbk
[2020/12/03 17:42:30.284087][i][973f0ba90] api.response: POST /request?tp=2&sitecode=%d1%ee 200  174.513µs
[2020/12/03 17:43:19.930432][i][6e8af54da] apiserver_bind 正在退出...
[2020/12/03 17:43:19.930458][i][a6090d882] 关闭[api]服务...

--------------------begin------------------------

[2020/12/03 17:43:28.955025][i][6f9065798] 初始化: /hydra/apiserver_bind/api/prod/conf
[2020/12/03 17:43:28.964449][i][6f9065798] 启动[api]服务...
[2020/12/03 17:43:29.473413][i][284893a19] 启动成功(api,http://192.168.4.121:8080,[1])
[2020/12/03 17:43:33.590332][i][d8b91973c] api.request: POST /request?tp=2&sitecode=%d1%ee from 192.168.4.121
[2020/12/03 17:43:33.590403][i][d8b91973c] body: time=2020-11-20%2016%3A13%3A54&code=QXYPKJ828D22782FBF7809&sitecode=GTPBox&recharge_amount=0&sign=7095CE9922E2EDE1A705B1606608A7B
[2020/12/03 17:43:33.590463][i][d8b91973c] {Type:2 Time:2020-11-20 16:13:54 Code:QXYPKJ828D22782FBF7809 Sitecode:杨,GTPBox RechargeAmount:0 Sign:7095CE9922E2EDE1A705B1606608A7B}-gbk
[2020/12/03 17:43:33.590495][i][d8b91973c] api.response: POST /request?tp=2&sitecode=%d1%ee 200  165.208µs

--------------------begin------------------------

[2020/12/03 17:44:10.756461][i][c61135fd8] 初始化: /hydra/apiserver_bind/api/prod/conf
[2020/12/03 17:44:10.771841][i][c61135fd8] 启动[api]服务...
[2020/12/03 17:44:11.283047][i][bc681928d] 启动成功(api,http://192.168.4.121:8080,[1])
[2020/12/03 17:44:22.427285][i][045fd20de] api.request: POST /request?tp=2&sitecode=%d1%ee from 192.168.4.121
[2020/12/03 17:44:22.427349][i][045fd20de] body: time=2020-11-20%2016%3A13%3A54&code=QXYPKJ828D22782FBF7809&sitecode=GTPBox&recharge_amount=0&sign=7095CE9922E2EDE1A705B1606608A7B
[2020/12/03 17:44:22.427403][i][045fd20de] {Type:2 Time:2020-11-20 16:13:54 Code:QXYPKJ828D22782FBF7809 Sitecode:杨,GTPBox RechargeAmount:0 Sign:7095CE9922E2EDE1A705B1606608A7B}-gbk
[2020/12/03 17:44:22.427430][i][045fd20de] api.response: POST /request?tp=2&sitecode=%d1%ee 200  148.792µs
[2020/12/03 17:53:58.280693][i][26ad03e9b] apiserver_bind 正在退出...
[2020/12/03 17:53:58.280709][i][bc681928d] 关闭[api]服务...

--------------------begin------------------------

[2020/12/03 17:54:07.433955][i][69c075077] 初始化: /hydra/apiserver_bind/api/prod/conf
[2020/12/03 17:54:07.445688][i][69c075077] 启动[api]服务...
[2020/12/03 17:54:07.957854][i][eb7ca1170] 启动成功(api,http://192.168.4.121:8080,[1])
[2020/12/03 18:31:08.428095][i][719755ac6] 节点(/hydra/apiserver_bind/api/prod/servers/192.168.4.121/8080_32a2429613302__80259)已恢复
