
--------------------begin------------------------

[2020/12/23 11:38:49.868898][i][a82f9f049] 初始化: /hydra/apiserver_bind/api/prod/conf
[2020/12/23 11:38:49.870236][i][a82f9f049] 启动[api]服务...
[2020/12/23 11:38:50.370594][i][7f4cb84f9] 启动成功(api,http://192.168.4.121:8080,[1])
[2020/12/23 11:38:53.200544][i][13c98b4ea] apiserver_bind 正在退出...
[2020/12/23 11:38:53.200558][i][7f4cb84f9] 关闭[api]服务...

---------------------end-------------------------

--------------------begin------------------------

[2020/12/23 11:40:33.86339][i][a999865f9] 初始化: /hydra/apiserver_bind/api/prod/conf
[2020/12/23 11:40:33.87111][i][a999865f9] 启动[api]服务...
[2020/12/23 11:40:33.587595][i][a11b1be29] 启动成功(api,http://192.168.4.121:8080,[1])
[2020/12/23 11:40:35.292277][i][d75684e96] apiserver_bind 正在退出...
[2020/12/23 11:40:35.292300][i][a11b1be29] 关闭[api]服务...

---------------------end-------------------------

--------------------begin------------------------

[2020/12/23 11:42:09.309669][i][db4cb1c83] 初始化: /hydra/apiserver_bind/api/prod/conf
[2020/12/23 11:42:09.310505][i][db4cb1c83] 启动[api]服务...
[2020/12/23 11:42:09.810727][i][595984e4d] 启动成功(api,http://192.168.4.121:8080,[1])
[2020/12/23 11:42:43.906123][i][595984e4d] 关闭[api]服务...
[2020/12/23 11:42:43.906092][i][fb3738743] apiserver_bind 正在退出...

---------------------end-------------------------

--------------------begin------------------------

[2020/12/23 11:49:39.829020][i][9d030ac4e] 初始化: /hydra/apiserver_bind/api/prod/conf
[2020/12/23 11:49:39.829885][i][9d030ac4e] 启动[api]服务...
[2020/12/23 11:49:40.330356][i][2ab82ac9d] 启动成功(api,http://192.168.4.121:8080,[1])

--------------------begin------------------------

[2020/12/23 12:53:42.94335][i][83e049630] 初始化: /hydra/apiserver_bind/api/prod/conf
[2020/12/23 12:53:42.95671][i][83e049630] 启动[api]服务...
[2020/12/23 12:53:42.596217][i][4c5ad325a] 启动成功(api,http://192.168.4.121:8080,[1])
[2020/12/23 12:53:46.597478][i][205d9432c] apiserver_bind 正在退出...
[2020/12/23 12:53:46.597495][i][4c5ad325a] 关闭[api]服务...

---------------------end-------------------------

--------------------begin------------------------

[2020/12/23 12:58:55.750291][i][045ea7d8e] 初始化: /hydra/apiserver_bind/api/prod/conf
[2020/12/23 12:58:55.751687][i][045ea7d8e] 启动[api]服务...
[2020/12/23 12:58:56.252142][i][5779dd3f7] 启动成功(api,http://192.168.4.121:8080,[1])
[2020/12/23 12:58:57.799063][i][5779dd3f7] 关闭[api]服务...
[2020/12/23 12:58:57.799042][i][1b4656868] apiserver_bind 正在退出...

---------------------end-------------------------
