
--------------------begin------------------------

[2021/01/05 17:07:06.413483][i][635ba716e] 初始化: /hydra/apiserver_bind/api/prod/conf
[2021/01/05 17:07:06.414878][i][635ba716e] 启动[api]服务...
[2021/01/05 17:07:06.915582][i][0b513c0d6] 启动成功(api,http://192.168.4.121:8080,[1])
[2021/01/05 17:07:11.583752][i][0b513c0d6] 关闭[api]服务...
[2021/01/05 17:07:11.583712][i][1bcd988cd] apiserver_bind 正在退出...
[2021/01/05 17:07:12.084135][i][1bcd988cd] apiserver_bind 已安全退出

---------------------end-------------------------

--------------------begin------------------------

[2021/01/05 17:08:26.113091][i][76aa277c1] 初始化: /hydra/apiserver_bind/api/prod/conf
[2021/01/05 17:08:26.114632][i][76aa277c1] 启动[api]服务...
[2021/01/05 17:08:26.615243][i][d34c37f36] 启动成功(api,http://192.168.4.121:8080,[1])
[2021/01/05 17:08:47.040147][i][dfbca2f04] api.request: GET /request from 192.168.4.121
[2021/01/05 17:08:47.040226][i][dfbca2f04] [] <nil>
[2021/01/05 17:08:47.040251][i][dfbca2f04] {Type: Time: Code: Sitecode: RechargeAmount:0 Sign:}-gbk
[2021/01/05 17:08:47.040297][i][dfbca2f04] api.response: GET /request 200  150.508µs
[2021/01/05 17:08:48.769712][i][569a31668] [] <nil>
[2021/01/05 17:08:48.769658][i][569a31668] api.request: GET /request from 192.168.4.121
[2021/01/05 17:08:48.769722][i][569a31668] {Type: Time: Code: Sitecode: RechargeAmount:0 Sign:}-gbk
[2021/01/05 17:08:48.769753][i][569a31668] api.response: GET /request 200  97.524µs
[2021/01/05 17:08:52.606720][i][d34c37f36] 关闭[api]服务...
[2021/01/05 17:08:52.606702][i][ff69b4923] apiserver_bind 正在退出...

---------------------end-------------------------
